Crashlog created at 2013-02-04 22:15:47 +0100

===== MESSAGE:

Errno::EADDRINUSE: Address already in use - bind(2)

===== COMPILATION STACK:

  (empty)

===== STACK TRACE:

  0. /home/ndubuis/.rvm/rubies/ruby-1.9.3-p374/lib/ruby/1.9.1/webrick/utils.rb:85:in `initialize'
  1. /home/ndubuis/.rvm/rubies/ruby-1.9.3-p374/lib/ruby/1.9.1/webrick/utils.rb:85:in `new'
  2. /home/ndubuis/.rvm/rubies/ruby-1.9.3-p374/lib/ruby/1.9.1/webrick/utils.rb:85:in `block in create_listeners'
  3. /home/ndubuis/.rvm/rubies/ruby-1.9.3-p374/lib/ruby/1.9.1/webrick/utils.rb:82:in `each'
  4. /home/ndubuis/.rvm/rubies/ruby-1.9.3-p374/lib/ruby/1.9.1/webrick/utils.rb:82:in `create_listeners'
  5. /home/ndubuis/.rvm/rubies/ruby-1.9.3-p374/lib/ruby/1.9.1/webrick/server.rb:82:in `listen'
  6. /home/ndubuis/.rvm/rubies/ruby-1.9.3-p374/lib/ruby/1.9.1/webrick/server.rb:70:in `initialize'
  7. /home/ndubuis/.rvm/rubies/ruby-1.9.3-p374/lib/ruby/1.9.1/webrick/httpserver.rb:45:in `initialize'
  8. /home/ndubuis/.rvm/gems/ruby-1.9.3-p374/gems/rack-1.5.1/lib/rack/handler/webrick.rb:11:in `new'
  9. /home/ndubuis/.rvm/gems/ruby-1.9.3-p374/gems/rack-1.5.1/lib/rack/handler/webrick.rb:11:in `run'
  10. /home/ndubuis/.rvm/gems/ruby-1.9.3-p374/gems/nanoc-3.5.0/lib/nanoc/cli/commands/autocompile.rb:60:in `run'
  11. /home/ndubuis/.rvm/gems/ruby-1.9.3-p374/gems/nanoc-3.5.0/lib/nanoc/cli/command_runner.rb:14:in `block in call'
  12. /home/ndubuis/.rvm/gems/ruby-1.9.3-p374/gems/nanoc-3.5.0/lib/nanoc/cli/error_handler.rb:70:in `handle_while'
  13. /home/ndubuis/.rvm/gems/ruby-1.9.3-p374/gems/nanoc-3.5.0/lib/nanoc/cli/error_handler.rb:26:in `handle_while'
  14. /home/ndubuis/.rvm/gems/ruby-1.9.3-p374/gems/nanoc-3.5.0/lib/nanoc/cli/command_runner.rb:13:in `call'
  15. /home/ndubuis/.rvm/gems/ruby-1.9.3-p374/gems/cri-2.3.0/lib/cri/command_dsl.rb:185:in `block in runner'
  16. /home/ndubuis/.rvm/gems/ruby-1.9.3-p374/gems/cri-2.3.0/lib/cri/command.rb:296:in `call'
  17. /home/ndubuis/.rvm/gems/ruby-1.9.3-p374/gems/cri-2.3.0/lib/cri/command.rb:296:in `run_this'
  18. /home/ndubuis/.rvm/gems/ruby-1.9.3-p374/gems/cri-2.3.0/lib/cri/command.rb:249:in `run'
  19. /home/ndubuis/.rvm/gems/ruby-1.9.3-p374/gems/cri-2.3.0/lib/cri/command.rb:262:in `run'
  20. /home/ndubuis/.rvm/gems/ruby-1.9.3-p374/gems/nanoc-3.5.0/lib/nanoc/cli.rb:52:in `block in run'
  21. /home/ndubuis/.rvm/gems/ruby-1.9.3-p374/gems/nanoc-3.5.0/lib/nanoc/cli/error_handler.rb:70:in `handle_while'
  22. /home/ndubuis/.rvm/gems/ruby-1.9.3-p374/gems/nanoc-3.5.0/lib/nanoc/cli/error_handler.rb:26:in `handle_while'
  23. /home/ndubuis/.rvm/gems/ruby-1.9.3-p374/gems/nanoc-3.5.0/lib/nanoc/cli.rb:50:in `run'
  24. /home/ndubuis/.rvm/gems/ruby-1.9.3-p374/gems/nanoc-3.5.0/bin/nanoc:19:in `<top (required)>'
  25. /home/ndubuis/.rvm/gems/ruby-1.9.3-p374/bin/nanoc:19:in `load'
  26. /home/ndubuis/.rvm/gems/ruby-1.9.3-p374/bin/nanoc:19:in `<main>'
  27. /home/ndubuis/.rvm/gems/ruby-1.9.3-p374/bin/ruby_noexec_wrapper:14:in `eval'
  ... 30 more lines omitted. See full crash log for details.

===== VERSION INFORMATION:

nanoc 3.5.0 © 2007-2013 Denis Defreyne.
Running ruby 1.9.3 (2013-01-15) on x86_64-linux with RubyGems 1.8.24.

===== SYSTEM INFORMATION:

Linux ndubuis-UX32VD 3.5.0-23-generic #35-Ubuntu SMP Thu Jan 24 13:15:40 UTC 2013 x86_64 x86_64 x86_64 GNU/Linux

===== INSTALLED GEMS:

  bundler 1.2.3
  chunky_png 1.2.7
  coderay 1.0.8
  colored 1.2
  compass 0.12.2
  cri 2.3.0
  em-dir-watcher 0.9.4
  em-websocket 0.4.0
  eventmachine 1.0.0
  execjs 1.4.0
  fssm 0.2.10
  guard 1.6.2
  guard-bundler 1.0.0
  guard-livereload 1.1.3
  hike 1.2.1
  http_parser.rb 0.5.3
  i18n 0.6.1
  json 1.7.6
  libv8 3.11.8.13
  listen 0.7.2
  livereload 1.6.1
  lumberjack 1.0.2
  mail 2.5.3
  method_source 0.8.1
  mime-types 1.20.1
  multi_json 1.5.0
  nanoc 3.5.0
  nanoc-gzip-filter 0.0.1
  nanoc-sprockets-filter 0.0.2
  polyglot 0.3.3
  pony 1.4
  pry 0.9.11.4
  rack 1.5.1
  rack-protection 1.3.2
  rb-fsevent 0.9.3
  ref 1.0.2
  sass 3.2.5
  sinatra 1.3.4
  slop 3.4.3
  sprockets 2.8.2
  sprockets-helpers 0.8.0
  sprockets-sass 0.9.1
  terminal-table 1.4.5
  therubyracer 0.11.3
  thor 0.17.0
  tilt 1.3.3
  treetop 1.4.12
  uglifier 1.3.0

===== ENVIRONMENT:

BUNDLE_BIN_PATH => "/home/ndubuis/.rvm/gems/ruby-1.9.3-p374@global/gems/bundler-1.2.3/bin/bundle"
BUNDLE_GEMFILE => "/home/ndubuis/Dev/mixte/website/Gemfile"
COLORFGBG => "15;0"
DBUS_SESSION_BUS_ADDRESS => "unix:abstract=/tmp/dbus-9HZN6xGamv,guid=1bfbe9593d5dd093647d6a095110192a"
DEFAULTS_PATH => "/usr/share/gconf/kde-plasma.default.path"
DESKTOP_SESSION => "kde-plasma"
DISPLAY => ":0"
GDMSESSION => "kde-plasma"
GEM_HOME => "/home/ndubuis/.rvm/gems/ruby-1.9.3-p374"
GEM_PATH => "/home/ndubuis/.rvm/gems/ruby-1.9.3-p374:/home/ndubuis/.rvm/gems/ruby-1.9.3-p374@global"
GPG_AGENT_INFO => "/tmp/gpg-kLwpGX/S.gpg-agent:1775:1"
GS_LIB => "/home/ndubuis/.fonts"
GTK2_RC_FILES => "/etc/gtk-2.0/gtkrc:/home/ndubuis/.gtkrc-2.0:/home/ndubuis/.kde/share/config/gtkrc-2.0"
GTK_RC_FILES => "/etc/gtk/gtkrc:/home/ndubuis/.gtkrc:/home/ndubuis/.kde/share/config/gtkrc"
HOME => "/home/ndubuis"
IRBRC => "/home/ndubuis/.rvm/rubies/ruby-1.9.3-p374/.irbrc"
KDE_FULL_SESSION => "true"
KDE_MULTIHEAD => "false"
KDE_SESSION_UID => "1000"
KDE_SESSION_VERSION => "4"
KONSOLE_DBUS_SERVICE => ":1.64"
KONSOLE_DBUS_SESSION => "/Sessions/3"
KONSOLE_PROFILE_NAME => "Shell"
LANG => "en_US.UTF-8"
LANGUAGE => ""
LESSCLOSE => "/usr/bin/lesspipe %s %s"
LESSOPEN => "| /usr/bin/lesspipe %s"
LOGNAME => "ndubuis"
LS_COLORS => "rs=0:di=01;34:ln=01;36:mh=00:pi=40;33:so=01;35:do=01;35:bd=40;33;01:cd=40;33;01:or=40;31;01:su=37;41:sg=30;43:ca=30;41:tw=30;42:ow=34;42:st=37;44:ex=01;32:*.tar=01;31:*.tgz=01;31:*.arj=01;31:*.taz=01;31:*.lzh=01;31:*.lzma=01;31:*.tlz=01;31:*.txz=01;31:*.zip=01;31:*.z=01;31:*.Z=01;31:*.dz=01;31:*.gz=01;31:*.lz=01;31:*.xz=01;31:*.bz2=01;31:*.bz=01;31:*.tbz=01;31:*.tbz2=01;31:*.tz=01;31:*.deb=01;31:*.rpm=01;31:*.jar=01;31:*.war=01;31:*.ear=01;31:*.sar=01;31:*.rar=01;31:*.ace=01;31:*.zoo=01;31:*.cpio=01;31:*.7z=01;31:*.rz=01;31:*.jpg=01;35:*.jpeg=01;35:*.gif=01;35:*.bmp=01;35:*.pbm=01;35:*.pgm=01;35:*.ppm=01;35:*.tga=01;35:*.xbm=01;35:*.xpm=01;35:*.tif=01;35:*.tiff=01;35:*.png=01;35:*.svg=01;35:*.svgz=01;35:*.mng=01;35:*.pcx=01;35:*.mov=01;35:*.mpg=01;35:*.mpeg=01;35:*.m2v=01;35:*.mkv=01;35:*.webm=01;35:*.ogm=01;35:*.mp4=01;35:*.m4v=01;35:*.mp4v=01;35:*.vob=01;35:*.qt=01;35:*.nuv=01;35:*.wmv=01;35:*.asf=01;35:*.rm=01;35:*.rmvb=01;35:*.flc=01;35:*.avi=01;35:*.fli=01;35:*.flv=01;35:*.gl=01;35:*.dl=01;35:*.xcf=01;35:*.xwd=01;35:*.yuv=01;35:*.cgm=01;35:*.emf=01;35:*.axv=01;35:*.anx=01;35:*.ogv=01;35:*.ogx=01;35:*.aac=00;36:*.au=00;36:*.flac=00;36:*.mid=00;36:*.midi=00;36:*.mka=00;36:*.mp3=00;36:*.mpc=00;36:*.ogg=00;36:*.ra=00;36:*.wav=00;36:*.axa=00;36:*.oga=00;36:*.spx=00;36:*.xspf=00;36:"
MANDATORY_PATH => "/usr/share/gconf/kde-plasma.mandatory.path"
MY_RUBY_HOME => "/home/ndubuis/.rvm/rubies/ruby-1.9.3-p374"
OLDPWD => "/home/ndubuis"
PATH => "/home/ndubuis/.rvm/gems/ruby-1.9.3-p374/bin:/home/ndubuis/.rvm/gems/ruby-1.9.3-p374@global/bin:/home/ndubuis/.rvm/rubies/ruby-1.9.3-p374/bin:/home/ndubuis/.rvm/bin:/usr/lib/lightdm/lightdm:/usr/local/sbin:/usr/local/bin:/usr/sbin:/usr/bin:/sbin:/bin:/usr/games:/usr/local/games"
PROFILEHOME => ""
PWD => "/home/ndubuis/Dev/mixte/website"
QT_PLUGIN_PATH => "/home/ndubuis/.kde/lib/kde4/plugins/:/usr/lib/kde4/plugins/"
RUBYOPT => "-I/home/ndubuis/.rvm/gems/ruby-1.9.3-p374@global/gems/bundler-1.2.3/lib -rbundler/setup"
RUBY_VERSION => "ruby-1.9.3-p374"
SESSION_MANAGER => "local/ndubuis-UX32VD:@/tmp/.ICE-unix/1875,unix/ndubuis-UX32VD:/tmp/.ICE-unix/1875"
SHELL => "/bin/bash"
SHELL_SESSION_ID => "3075468818694000a6d741122b90bef7"
SHLVL => "1"
SSH_AGENT_PID => "1774"
SSH_AUTH_SOCK => "/tmp/ssh-NKGn5N5Q4khB/agent.1737"
TERM => "xterm"
UBUNTU_MENUPROXY => "libappmenu.so"
USER => "ndubuis"
WINDOWID => "75497501"
XAUTHORITY => "/tmp/kde-ndubuis/xauth-1000-_0"
XCURSOR_THEME => "default"
XDG_CONFIG_DIRS => "/etc/xdg/xdg-kde-plasma:/etc/xdg"
XDG_DATA_DIRS => "/usr/share/kde-plasma:/usr/local/share/:/usr/share/"
XDG_RUNTIME_DIR => "/run/user/ndubuis"
XDG_SEAT_PATH => "/org/freedesktop/DisplayManager/Seat0"
XDG_SESSION_COOKIE => "e54b71db1e02c6455c2c377151099e0f-1360009514.388873-1054849972"
XDG_SESSION_PATH => "/org/freedesktop/DisplayManager/Session0"
_ => "/home/ndubuis/.rvm/gems/ruby-1.9.3-p374/bin/nanoc"
_ORIGINAL_GEM_PATH => "/home/ndubuis/.rvm/gems/ruby-1.9.3-p374:/home/ndubuis/.rvm/gems/ruby-1.9.3-p374@global"
__array_start => "0"
_first => "0"
_second => "1"
escape_flag => "1"
rvm_bin_path => "/home/ndubuis/.rvm/bin"
rvm_debug_clr => "\e[35m"
rvm_env_string => "ruby-1.9.3-p374"
rvm_error_clr => "\e[31m"
rvm_notify_clr => "\e[32m"
rvm_path => "/home/ndubuis/.rvm"
rvm_prefix => "/home/ndubuis"
rvm_reset_clr => "\e(B\e[m"
rvm_ruby_string => "ruby-1.9.3-p374"
rvm_version => "1.18.5 (stable)"
rvm_warn_clr => "\e[33m"

===== GEMFILE.LOCK:

GEM
  remote: http://rubygems.org/
  specs:
    chunky_png (1.2.7)
    coderay (1.0.8)
    colored (1.2)
    compass (0.12.2)
      chunky_png (~> 1.2)
      fssm (>= 0.2.7)
      sass (~> 3.1)
    cri (2.3.0)
      colored (>= 1.2)
    em-dir-watcher (0.9.4)
    em-websocket (0.4.0)
      eventmachine (>= 0.12.9)
      http_parser.rb (~> 0.5.3)
    eventmachine (1.0.0)
    execjs (1.4.0)
      multi_json (~> 1.0)
    fssm (0.2.10)
    guard (1.6.2)
      listen (>= 0.6.0)
      lumberjack (>= 1.0.2)
      pry (>= 0.9.10)
      terminal-table (>= 1.4.3)
      thor (>= 0.14.6)
    guard-bundler (1.0.0)
      bundler (~> 1.0)
      guard (~> 1.1)
    guard-livereload (1.1.3)
      em-websocket (>= 0.2.0)
      guard (>= 1.5.0)
      multi_json (~> 1.0)
    hike (1.2.1)
    http_parser.rb (0.5.3)
    i18n (0.6.1)
    json (1.7.6)
    libv8 (3.11.8.13)
    listen (0.7.2)
    livereload (1.6.1)
      em-dir-watcher (>= 0.1)
      em-websocket (>= 0.3.5)
      json (>= 1.5.3)
    lumberjack (1.0.2)
    mail (2.5.3)
      i18n (>= 0.4.0)
      mime-types (~> 1.16)
      treetop (~> 1.4.8)
    method_source (0.8.1)
    mime-types (1.20.1)
    multi_json (1.5.0)
    nanoc (3.5.0)
      cri (~> 2.2)
    nanoc-gzip-filter (0.0.1)
      nanoc (>= 3.4.0)
    nanoc-sprockets-filter (0.0.2)
      nanoc (>= 3.4.0)
      sprockets (>= 2.8.0)
    polyglot (0.3.3)
    pony (1.4)
      mail (> 2.0)
    pry (0.9.11.4)
      coderay (~> 1.0.5)
      method_source (~> 0.8)
      slop (~> 3.4)
    rack (1.5.1)
    rack-protection (1.3.2)
      rack
    rb-fsevent (0.9.3)
    ref (1.0.2)
    sass (3.2.5)
    sinatra (1.3.4)
      rack (~> 1.4)
      rack-protection (~> 1.3)
      tilt (~> 1.3, >= 1.3.3)
    slop (3.4.3)
    sprockets (2.8.2)
      hike (~> 1.2)
      multi_json (~> 1.0)
      rack (~> 1.0)
      tilt (~> 1.1, != 1.3.0)
    sprockets-helpers (0.8.0)
      sprockets (~> 2.0)
    sprockets-sass (0.9.1)
      sprockets (~> 2.0)
      tilt (~> 1.1)
    terminal-table (1.4.5)
    therubyracer (0.11.3)
      libv8 (~> 3.11.8.12)
      ref
    thor (0.17.0)
    tilt (1.3.3)
    treetop (1.4.12)
      polyglot
      polyglot (>= 0.3.1)
    uglifier (1.3.0)
      execjs (>= 0.3.0)
      multi_json (~> 1.0, >= 1.0.2)

PLATFORMS
  ruby

DEPENDENCIES
  compass
  guard
  guard-bundler
  guard-livereload
  libv8 (~> 3.11.8)
  livereload
  nanoc
  nanoc-gzip-filter
  nanoc-sprockets-filter
  pony
  rack
  rb-fsevent
  sass
  sinatra
  sprockets
  sprockets-helpers
  sprockets-sass
  therubyracer
  uglifier

===== LOAD PATHS:

  0. /home/ndubuis/.rvm/gems/ruby-1.9.3-p374/gems/nanoc-3.5.0/lib
  1. /home/ndubuis/.rvm/gems/ruby-1.9.3-p374/gems/uglifier-1.3.0/lib
  2. /home/ndubuis/.rvm/gems/ruby-1.9.3-p374/gems/therubyracer-0.11.3/lib
  3. /home/ndubuis/.rvm/gems/ruby-1.9.3-p374/gems/therubyracer-0.11.3/ext
  4. /home/ndubuis/.rvm/gems/ruby-1.9.3-p374/gems/sprockets-sass-0.9.1/lib
  5. /home/ndubuis/.rvm/gems/ruby-1.9.3-p374/gems/sprockets-helpers-0.8.0/lib
  6. /home/ndubuis/.rvm/gems/ruby-1.9.3-p374/gems/sinatra-1.3.4/lib
  7. /home/ndubuis/.rvm/gems/ruby-1.9.3-p374/gems/ref-1.0.2/lib
  8. /home/ndubuis/.rvm/gems/ruby-1.9.3-p374/gems/rb-fsevent-0.9.3/lib
  9. /home/ndubuis/.rvm/gems/ruby-1.9.3-p374/gems/rack-protection-1.3.2/lib
  10. /home/ndubuis/.rvm/gems/ruby-1.9.3-p374/gems/pony-1.4/lib
  11. /home/ndubuis/.rvm/gems/ruby-1.9.3-p374/gems/nanoc-sprockets-filter-0.0.2/lib
  12. /home/ndubuis/.rvm/gems/ruby-1.9.3-p374/gems/sprockets-2.8.2/lib
  13. /home/ndubuis/.rvm/gems/ruby-1.9.3-p374/gems/tilt-1.3.3/lib
  14. /home/ndubuis/.rvm/gems/ruby-1.9.3-p374/gems/rack-1.5.1/lib
  15. /home/ndubuis/.rvm/gems/ruby-1.9.3-p374/gems/nanoc-gzip-filter-0.0.1/lib
  16. /home/ndubuis/.rvm/gems/ruby-1.9.3-p374/gems/nanoc-3.5.0/lib
  17. /home/ndubuis/.rvm/gems/ruby-1.9.3-p374/gems/mail-2.5.3/lib
  18. /home/ndubuis/.rvm/gems/ruby-1.9.3-p374/gems/treetop-1.4.12/lib
  19. /home/ndubuis/.rvm/gems/ruby-1.9.3-p374/gems/polyglot-0.3.3/lib
  20. /home/ndubuis/.rvm/gems/ruby-1.9.3-p374/gems/mime-types-1.20.1/lib
  21. /home/ndubuis/.rvm/gems/ruby-1.9.3-p374/gems/livereload-1.6.1/lib
  22. /home/ndubuis/.rvm/gems/ruby-1.9.3-p374/gems/libv8-3.11.8.13-x86_64-linux/lib
  23. /home/ndubuis/.rvm/gems/ruby-1.9.3-p374/gems/libv8-3.11.8.13-x86_64-linux/ext
  24. /home/ndubuis/.rvm/gems/ruby-1.9.3-p374/gems/json-1.7.6/lib
  25. /home/ndubuis/.rvm/gems/ruby-1.9.3-p374/gems/i18n-0.6.1/lib
  26. /home/ndubuis/.rvm/gems/ruby-1.9.3-p374/gems/hike-1.2.1/lib
  27. /home/ndubuis/.rvm/gems/ruby-1.9.3-p374/gems/guard-livereload-1.1.3/lib
  28. /home/ndubuis/.rvm/gems/ruby-1.9.3-p374/gems/guard-bundler-1.0.0/lib
  29. /home/ndubuis/.rvm/gems/ruby-1.9.3-p374/gems/guard-1.6.2/lib
  30. /home/ndubuis/.rvm/gems/ruby-1.9.3-p374/gems/thor-0.17.0/lib
  31. /home/ndubuis/.rvm/gems/ruby-1.9.3-p374/gems/terminal-table-1.4.5/lib
  32. /home/ndubuis/.rvm/gems/ruby-1.9.3-p374/gems/pry-0.9.11.4/lib
  33. /home/ndubuis/.rvm/gems/ruby-1.9.3-p374/gems/slop-3.4.3/lib
  34. /home/ndubuis/.rvm/gems/ruby-1.9.3-p374/gems/method_source-0.8.1/lib
  35. /home/ndubuis/.rvm/gems/ruby-1.9.3-p374/gems/lumberjack-1.0.2/lib
  36. /home/ndubuis/.rvm/gems/ruby-1.9.3-p374/gems/listen-0.7.2/lib
  37. /home/ndubuis/.rvm/gems/ruby-1.9.3-p374/gems/execjs-1.4.0/lib
  38. /home/ndubuis/.rvm/gems/ruby-1.9.3-p374/gems/multi_json-1.5.0/lib
  39. /home/ndubuis/.rvm/gems/ruby-1.9.3-p374/gems/em-websocket-0.4.0/lib
  40. /home/ndubuis/.rvm/gems/ruby-1.9.3-p374/gems/http_parser.rb-0.5.3/lib
  41. /home/ndubuis/.rvm/gems/ruby-1.9.3-p374/gems/eventmachine-1.0.0/lib
  42. /home/ndubuis/.rvm/gems/ruby-1.9.3-p374/gems/em-dir-watcher-0.9.4/lib
  43. /home/ndubuis/.rvm/gems/ruby-1.9.3-p374/gems/cri-2.3.0/lib
  44. /home/ndubuis/.rvm/gems/ruby-1.9.3-p374/gems/compass-0.12.2/lib
  45. /home/ndubuis/.rvm/gems/ruby-1.9.3-p374/gems/sass-3.2.5/lib
  46. /home/ndubuis/.rvm/gems/ruby-1.9.3-p374/gems/fssm-0.2.10/lib
  47. /home/ndubuis/.rvm/gems/ruby-1.9.3-p374/gems/colored-1.2/lib
  48. /home/ndubuis/.rvm/gems/ruby-1.9.3-p374/gems/coderay-1.0.8/lib
  49. /home/ndubuis/.rvm/gems/ruby-1.9.3-p374/gems/chunky_png-1.2.7/lib
  50. /home/ndubuis/.rvm/gems/ruby-1.9.3-p374@global/gems/bundler-1.2.3/lib
  51. /home/ndubuis/.rvm/rubies/ruby-1.9.3-p374/lib/ruby/site_ruby/1.9.1
  52. /home/ndubuis/.rvm/rubies/ruby-1.9.3-p374/lib/ruby/site_ruby/1.9.1/x86_64-linux
  53. /home/ndubuis/.rvm/rubies/ruby-1.9.3-p374/lib/ruby/site_ruby
  54. /home/ndubuis/.rvm/rubies/ruby-1.9.3-p374/lib/ruby/vendor_ruby/1.9.1
  55. /home/ndubuis/.rvm/rubies/ruby-1.9.3-p374/lib/ruby/vendor_ruby/1.9.1/x86_64-linux
  56. /home/ndubuis/.rvm/rubies/ruby-1.9.3-p374/lib/ruby/vendor_ruby
  57. /home/ndubuis/.rvm/rubies/ruby-1.9.3-p374/lib/ruby/1.9.1
  58. /home/ndubuis/.rvm/rubies/ruby-1.9.3-p374/lib/ruby/1.9.1/x86_64-linux
